Arguments: 
  /Users/kasperchen/.nvm/versions/node/v14.15.0/bin/node /usr/local/Cellar/yarn/1.22.4/libexec/bin/yarn.js add -D @type/styled-components

PATH: 
  /Users/kasperchen/.nvm/versions/node/v14.15.0/bin:/Library/Frameworks/Python.framework/Versions/3.8/bin:/usr/local/bin:/usr/bin:/bin:/usr/sbin:/sbin:/usr/local/go/bin:/Library/Apple/usr/bin:/Users/kasperchen/.cargo/bin:/Users/kasperchen/bin:/usr/local/mysql/bin:/usr/local/opt/ruby/bin

Yarn version: 
  1.22.4

Node version: 
  14.15.0

Platform: 
  darwin x64

Trace: 
  Error: https://registry.yarnpkg.com/@type%2fstyled-components: Not found
      at Request.params.callback [as _callback] (/usr/local/Cellar/yarn/1.22.4/libexec/lib/cli.js:66987:18)
      at Request.self.callback (/usr/local/Cellar/yarn/1.22.4/libexec/lib/cli.js:140748:22)
      at Request.emit (events.js:315:20)
      at Request.<anonymous> (/usr/local/Cellar/yarn/1.22.4/libexec/lib/cli.js:141720:10)
      at Request.emit (events.js:315:20)
      at IncomingMessage.<anonymous> (/usr/local/Cellar/yarn/1.22.4/libexec/lib/cli.js:141642:12)
      at Object.onceWrapper (events.js:421:28)
      at IncomingMessage.emit (events.js:327:22)
      at endReadableNT (_stream_readable.js:1327:12)
      at processTicksAndRejections (internal/process/task_queues.js:80:21)

npm manifest: 
  {
    "name": "my_component_library",
    "version": "1.0.0",
    "main": "index.tsx",
    "repository": "git@github.com:neko12377/My_Component_Library.git",
    "author": "Kasper Chen <neko12377@gmail.com>",
    "license": "MIT",
    "scripts": {
      "start": "webpack-dev-server --config webpack/webpack.config.dev.js",
      "build": "webpack --config webpack/webpack.config.prd.js"
    },
    "dependencies": {
      "axios": "^0.21.0",
      "chalk": "^4.1.0",
      "parcel": "^1.12.4",
      "react": "^16.13.1",
      "react-dom": "^16.13.1",
      "styled-components": "^5.2.0"
    },
    "devDependencies": {
      "@babel/cli": "^7.11.6",
      "@babel/core": "^7.11.6",
      "@babel/polyfill": "^7.11.5",
      "@babel/preset-env": "^7.11.5",
      "@babel/preset-typescript": "^7.10.4",
      "@types/react": "^16.9.49",
      "@types/react-dom": "^16.9.8",
      "@typescript-eslint/eslint-plugin": "^4.1.0",
      "@typescript-eslint/parser": "^4.1.0",
      "babel-loader": "^8.1.0",
      "babel-plugin-styled-components": "^1.11.1",
      "clean-webpack-plugin": "^3.0.0",
      "eslint": "^7.8.1",
      "eslint-config-airbnb": "^18.2.0",
      "eslint-import-resolver-webpack": "^0.12.2",
      "eslint-loader": "^4.0.2",
      "eslint-plugin-import": "^2.22.0",
      "eslint-plugin-jsx-a11y": "^6.3.1",
      "eslint-plugin-react": "^7.20.6",
      "eslint-plugin-react-hooks": "^4.1.0",
      "html-webpack-plugin": "^4.4.1",
      "mini-css-extract-plugin": "^0.11.1",
      "ts-loader": "^8.0.3",
      "ts-node": "^9.1.1",
      "typescript": "^4.1.3",
      "typescript-plugin-styled-components": "^1.4.4",
      "webpack": "^4.44.1",
      "webpack-cli": "^3.3.12",
      "webpack-dev-server": "^3.11.0"
    },
    "resolutions": {
      "styled-components": "^5"
    }
  }

yarn manifest: 
  No manifest

Lockfile: 
  No lockfile
